<?xml version="1.0" encoding="UTF-8"?>
<testsuite name="com.emmanuel.gaviria.dev.remainder.controllers.RemainderControllerIntegrationTest" tests="2" skipped="0" failures="0" errors="0" timestamp="2024-03-04T05:08:06" hostname="DESKTOP-EMMA" time="0.156">
  <properties/>
  <testcase name="testGetMaxK()" classname="com.emmanuel.gaviria.dev.remainder.controllers.RemainderControllerIntegrationTest" time="0.098"/>
  <testcase name="testPostMaxK()" classname="com.emmanuel.gaviria.dev.remainder.controllers.RemainderControllerIntegrationTest" time="0.057"/>
  <system-out><![CDATA[2024-03-04T00:08:05.957-05:00  INFO 30268 --- [    Test worker] t.c.s.AnnotationConfigContextLoaderUtils : Could not detect default configuration classes for test class [com.emmanuel.gaviria.dev.remainder.controllers.RemainderControllerIntegrationTest]: RemainderControllerIntegrationTest does not declare any static, non-private, non-final, nested classes annotated with @Configuration.
2024-03-04T00:08:05.972-05:00  INFO 30268 --- [    Test worker] .b.t.c.SpringBootTestContextBootstrapper : Found @SpringBootConfiguration com.emmanuel.gaviria.dev.remainder.RemainderApplication for test class com.emmanuel.gaviria.dev.remainder.controllers.RemainderControllerIntegrationTest

  .   ____          _            __ _ _
 /\\ / ___'_ __ _ _(_)_ __  __ _ \ \ \ \
( ( )\___ | '_ | '_| | '_ \/ _` | \ \ \ \
 \\/  ___)| |_)| | | | | || (_| |  ) ) ) )
  '  |____| .__|_| |_|_| |_\__, | / / / /
 =========|_|==============|___/=/_/_/_/
 :: Spring Boot ::                (v3.2.3)

2024-03-04T00:08:06.007-05:00  INFO 30268 --- [    Test worker] d.r.c.RemainderControllerIntegrationTest : Starting RemainderControllerIntegrationTest using Java 21.0.2 with PID 30268 (started by krant in C:\REPOSITORIES\Remainder Tech Test\remainder-restapi)
2024-03-04T00:08:06.008-05:00  INFO 30268 --- [    Test worker] d.r.c.RemainderControllerIntegrationTest : No active profile set, falling back to 1 default profile: "default"
2024-03-04T00:08:06.279-05:00  INFO 30268 --- [    Test worker] o.s.b.t.m.w.SpringBootMockServletContext : Initializing Spring TestDispatcherServlet ''
2024-03-04T00:08:06.279-05:00  INFO 30268 --- [    Test worker] o.s.t.web.servlet.TestDispatcherServlet  : Initializing Servlet ''
2024-03-04T00:08:06.281-05:00  INFO 30268 --- [    Test worker] o.s.t.web.servlet.TestDispatcherServlet  : Completed initialization in 1 ms
2024-03-04T00:08:06.287-05:00  INFO 30268 --- [    Test worker] d.r.c.RemainderControllerIntegrationTest : Started RemainderControllerIntegrationTest in 0.311 seconds (process running for 3.491)
]]></system-out>
  <system-err><![CDATA[]]></system-err>
</testsuite>
